-------------------------------------------------------------------------------
Test set: TestSuite
-------------------------------------------------------------------------------
Tests run: 434, Failures: 11, Errors: 0, Skipped: 423, Time elapsed: 0.862 s <<< FAILURE! - in TestSuite
beforeClass(example.BlogManagementPageTest)  Time elapsed: 0.307 s  <<< FAILURE!
org.testng.TestNGException: 

Parameter 'os' is required by @Configuration on method beforeClass but has not been marked @Optional or defined


afterClass(example.BlogManagementPageTest)  Time elapsed: 0.002 s  <<< FAILURE!
java.lang.NullPointerException

afterClass(example.UpdateBlogPageTest)  Time elapsed: 0.002 s  <<< FAILURE!
java.lang.NullPointerException

afterClass(example.BlogListPageTest)  Time elapsed: 0.001 s  <<< FAILURE!
java.lang.NullPointerException

afterClass(example.BlogPageTest)  Time elapsed: 0 s  <<< FAILURE!
java.lang.NullPointerException

afterClass(example.HomePageTest)  Time elapsed: 0 s  <<< FAILURE!
java.lang.NullPointerException

afterClass(example.LoginPageTest)  Time elapsed: 0 s  <<< FAILURE!
java.lang.NullPointerException

afterClass(example.HeaderComponentTest)  Time elapsed: 0 s  <<< FAILURE!
java.lang.NullPointerException

afterClass(example.NewBlogPageTest)  Time elapsed: 0.001 s  <<< FAILURE!
java.lang.NullPointerException

afterClass(example.ProfilePageTest)  Time elapsed: 0.001 s  <<< FAILURE!
java.lang.NullPointerException

afterClass(example.SignupPageTest)  Time elapsed: 0.001 s  <<< FAILURE!
java.lang.NullPointerException

